Arguments: 
  /usr/bin/nodejs /usr/local/bin/yarn install

PATH: 
  /usr/bin/robomongo/bin:/home/djodjonx/.rvm/gems/ruby-2.4.0/bin:/home/djodjonx/.rvm/gems/ruby-2.4.0@global/bin:/home/djodjonx/.rvm/rubies/ruby-2.4.0/bin:/home/djodjonx/bin:/home/djodjonx/.local/bin:/usr/local/sbin:/usr/local/bin:/usr/sbin:/usr/bin:/sbin:/bin:/usr/games:/usr/local/games:/snap/bin:/home/djodjonx/.rvm/bin:/home/djodjonx/.rvm/bin

Yarn version: 
  0.21.3

Node version: 
  6.10.2

Platform: 
  linux x64

npm manifest: 
  {
    "name": "mean-lineman",
    "description": "Just another MEAN Stack",
    "version": "1.0.0",
    "private": true,
    "author": "Jean-Baptiste Pasquier",
    "scripts": {
      "start": "lineman run",
      "test": "lineman spec-ci",
      "production": "lineman clean build && node production.js"
    },
    "dependencies": {
      "angular-material": "^1.1.3",
      "angular-animate": "^1.6.4",
      "angular-aria": "^1.6.4",
      "express": "",
      "lineman": "~0.37.0",
      "lineman-angular": "^0.3.0",
      "lineman-less": "^0.1.0"
    }
  }

yarn manifest: 
  No manifest

Lockfile: 
  No lockfile

Trace: 
  Error: EACCES: permission denied, mkdir '/home/djodjonx/Documents/kingPong/node_modules/abbrev'
      at Error (native)
